{
  "stats": {
    "suites": 1,
    "tests": 4,
    "passes": 4,
    "pending": 0,
    "failures": 0,
    "start": "2020-11-22T16:52:15.712Z",
    "end": "2020-11-22T16:52:17.923Z",
    "duration": 2211,
    "testsRegistered": 4,
    "passPercent": 100,
    "pendingPercent": 0,
    "other": 0,
    "hasOther": false,
    "skipped": 0,
    "hasSkipped": false
  },
  "results": [
    {
      "uuid": "f59af746-5396-49a9-bc6a-ff8f9b5fc442",
      "title": "",
      "fullFile": "tests/cypress/integration/rooms/edit-room.spec.js",
      "file": "tests/cypress/integration/rooms/edit-room.spec.js",
      "beforeHooks": [],
      "afterHooks": [],
      "tests": [],
      "suites": [
        {
          "uuid": "cea697f6-9a64-4000-860b-fd0855999330",
          "title": "edit room",
          "fullFile": "",
          "file": "",
          "beforeHooks": [],
          "afterHooks": [],
          "tests": [
            {
              "title": "create room",
              "fullTitle": "edit room create room",
              "timedOut": null,
              "duration": 563,
              "state": "passed",
              "speed": "slow",
              "pass": true,
              "fail": false,
              "pending": false,
              "context": null,
              "code": "cy.createRoom(feat_val, cat_val, num_val, floor_val, available_val, price_val);",
              "err": {},
              "uuid": "b53ed449-9a6f-4bec-824e-173045caf14b",
              "parentUUID": "cea697f6-9a64-4000-860b-fd0855999330",
              "isHook": false,
              "skipped": false
            },
            {
              "title": "room is created",
              "fullTitle": "edit room room is created",
              "timedOut": null,
              "duration": 545,
              "state": "passed",
              "speed": "slow",
              "pass": true,
              "fail": false,
              "pending": false,
              "context": null,
              "code": "cy.getRoom().its(\"status\").should(\"eq\", 200);",
              "err": {},
              "uuid": "efe54e57-b68d-4f40-84fc-942524c9718a",
              "parentUUID": "cea697f6-9a64-4000-860b-fd0855999330",
              "isHook": false,
              "skipped": false
            },
            {
              "title": "edit room",
              "fullTitle": "edit room edit room",
              "timedOut": null,
              "duration": 532,
              "state": "passed",
              "speed": "slow",
              "pass": true,
              "fail": false,
              "pending": false,
              "context": null,
              "code": "cy.editRoom(feat_val, cat_val, num_edit, floor_edit, available_val, price_edit);",
              "err": {},
              "uuid": "14603ed6-ab54-49e8-8d0d-3247aeb725d2",
              "parentUUID": "cea697f6-9a64-4000-860b-fd0855999330",
              "isHook": false,
              "skipped": false
            },
            {
              "title": "room is edited",
              "fullTitle": "edit room room is edited",
              "timedOut": null,
              "duration": 545,
              "state": "passed",
              "speed": "slow",
              "pass": true,
              "fail": false,
              "pending": false,
              "context": null,
              "code": "cy.getRoom().then(function (res) {\n  expect(JSON.stringify(res.body)).to.equal(Cypress.env(\"editPayload\"));\n});",
              "err": {},
              "uuid": "309e75a5-fb48-486d-b8fc-e7f8134629ed",
              "parentUUID": "cea697f6-9a64-4000-860b-fd0855999330",
              "isHook": false,
              "skipped": false
            }
          ],
          "suites": [],
          "passes": [
            "b53ed449-9a6f-4bec-824e-173045caf14b",
            "efe54e57-b68d-4f40-84fc-942524c9718a",
            "14603ed6-ab54-49e8-8d0d-3247aeb725d2",
            "309e75a5-fb48-486d-b8fc-e7f8134629ed"
          ],
          "failures": [],
          "pending": [],
          "skipped": [],
          "duration": 2185,
          "root": false,
          "rootEmpty": false,
          "_timeout": 2000
        }
      ],
      "passes": [],
      "failures": [],
      "pending": [],
      "skipped": [],
      "duration": 0,
      "root": true,
      "rootEmpty": true,
      "_timeout": 2000
    }
  ],
  "meta": {
    "mocha": {
      "version": "7.0.1"
    },
    "mochawesome": {
      "options": {
        "quiet": false,
        "reportFilename": "mochawesome",
        "saveHtml": true,
        "saveJson": true,
        "consoleReporter": "spec",
        "useInlineDiffs": false,
        "code": true
      },
      "version": "6.2.1"
    },
    "marge": {
      "options": {
        "reportDir": "./tests/cypress/report/reports",
        "overwrite": true,
        "html": true,
        "json": true,
        "timestamp": "mmddyyyy_HHMMss"
      },
      "version": "5.1.0"
    }
  }
}