{
  "stats": {
    "suites": 1,
    "tests": 2,
    "passes": 2,
    "pending": 0,
    "failures": 0,
    "start": "2020-11-22T16:52:03.159Z",
    "end": "2020-11-22T16:52:04.275Z",
    "duration": 1116,
    "testsRegistered": 2,
    "passPercent": 100,
    "pendingPercent": 0,
    "other": 0,
    "hasOther": false,
    "skipped": 0,
    "hasSkipped": false
  },
  "results": [
    {
      "uuid": "e7122dd3-e204-4428-a53a-59978a3eca09",
      "title": "",
      "fullFile": "tests/cypress/integration/rooms/create-room.spec.js",
      "file": "tests/cypress/integration/rooms/create-room.spec.js",
      "beforeHooks": [],
      "afterHooks": [],
      "tests": [],
      "suites": [
        {
          "uuid": "537ec8a2-610a-4885-a275-e503e477d531",
          "title": "Create room - api",
          "fullFile": "",
          "file": "",
          "beforeHooks": [],
          "afterHooks": [],
          "tests": [
            {
              "title": "Create room",
              "fullTitle": "Create room - api Create room",
              "timedOut": null,
              "duration": 558,
              "state": "passed",
              "speed": "slow",
              "pass": true,
              "fail": false,
              "pending": false,
              "context": null,
              "code": "cy.createRoom(feat_val, cat_val, num_val, floor_val, available_val, price_val);",
              "err": {},
              "uuid": "3fa8fc92-a48d-4916-8b42-35b27e4b8e3e",
              "parentUUID": "537ec8a2-610a-4885-a275-e503e477d531",
              "isHook": false,
              "skipped": false
            },
            {
              "title": "Room was created",
              "fullTitle": "Create room - api Room was created",
              "timedOut": null,
              "duration": 542,
              "state": "passed",
              "speed": "slow",
              "pass": true,
              "fail": false,
              "pending": false,
              "context": null,
              "code": "cy.getRoom().its(\"status\").should(\"eq\", 200);",
              "err": {},
              "uuid": "4debd107-649c-4245-8d9f-2df7d75eac51",
              "parentUUID": "537ec8a2-610a-4885-a275-e503e477d531",
              "isHook": false,
              "skipped": false
            }
          ],
          "suites": [],
          "passes": [
            "3fa8fc92-a48d-4916-8b42-35b27e4b8e3e",
            "4debd107-649c-4245-8d9f-2df7d75eac51"
          ],
          "failures": [],
          "pending": [],
          "skipped": [],
          "duration": 1100,
          "root": false,
          "rootEmpty": false,
          "_timeout": 2000
        }
      ],
      "passes": [],
      "failures": [],
      "pending": [],
      "skipped": [],
      "duration": 0,
      "root": true,
      "rootEmpty": true,
      "_timeout": 2000
    }
  ],
  "meta": {
    "mocha": {
      "version": "7.0.1"
    },
    "mochawesome": {
      "options": {
        "quiet": false,
        "reportFilename": "mochawesome",
        "saveHtml": true,
        "saveJson": true,
        "consoleReporter": "spec",
        "useInlineDiffs": false,
        "code": true
      },
      "version": "6.2.1"
    },
    "marge": {
      "options": {
        "reportDir": "./tests/cypress/report/reports",
        "overwrite": true,
        "html": true,
        "json": true,
        "timestamp": "mmddyyyy_HHMMss"
      },
      "version": "5.1.0"
    }
  }
}